# JRE version: Java(TM) SE Runtime Environment (8.0_111-b14) (build 1.8.0_111-b14)
# Java VM: Java HotSpot(TM) 64-Bit Server VM (25.111-b14 mixed mode windows-amd64 compressed oops)
Heap:
 PSYoungGen      total 161792K, used 19096K [0x00000000e0000000, 0x00000000ecd80000, 0x0000000100000000)
  eden space 137728K, 0% used [0x00000000e0000000,0x00000000e0000000,0x00000000e8680000)
  from space 24064K, 79% used [0x00000000eb600000,0x00000000ec8a61e8,0x00000000ecd80000)
  to   space 20480K, 0% used [0x00000000e8680000,0x00000000e8680000,0x00000000e9a80000)
 ParOldGen       total 146944K, used 65538K [0x00000000a0000000, 0x00000000a8f80000, 0x00000000e0000000)
  object space 146944K, 44% used [0x00000000a0000000,0x00000000a40009b8,0x00000000a8f80000)
 Metaspace       used 102559K, capacity 106746K, committed 107028K, reserved 1142784K
  class space    used 13534K, capacity 14395K, committed 14396K, reserved 1048576K
GC Heap History (10 events):
Event: 221.873 GC heap after
Heap after GC invocations=30 (full 3):
 PSYoungGen      total 140288K, used 15698K [0x00000000e0000000, 0x00000000eaf00000, 0x0000000100000000)
  eden space 120320K, 0% used [0x00000000e0000000,0x00000000e0000000,0x00000000e7580000)
  from space 19968K, 78% used [0x00000000e7580000,0x00000000e84d4a20,0x00000000e8900000)
  to   space 20992K, 0% used [0x00000000e9a80000,0x00000000e9a80000,0x00000000eaf00000)
 ParOldGen       total 97280K, used 65747K [0x00000000a0000000, 0x00000000a5f00000, 0x00000000e0000000)
  object space 97280K, 67% used [0x00000000a0000000,0x00000000a4034c48,0x00000000a5f00000)
 Metaspace       used 94287K, capacity 97704K, committed 97812K, reserved 1134592K
  class space    used 12324K, capacity 13078K, committed 13116K, reserved 1048576K
}
Event: 222.274 GC heap before
{Heap before GC invocations=31 (full 3):
 PSYoungGen      total 140288K, used 78307K [0x00000000e0000000, 0x00000000eaf00000, 0x0000000100000000)
  eden space 120320K, 52% used [0x00000000e0000000,0x00000000e3d245c0,0x00000000e7580000)
  from space 19968K, 78% used [0x00000000e7580000,0x00000000e84d4a20,0x00000000e8900000)
  to   space 20992K, 0% used [0x00000000e9a80000,0x00000000e9a80000,0x00000000eaf00000)
 ParOldGen       total 97280K, used 65747K [0x00000000a0000000, 0x00000000a5f00000, 0x00000000e0000000)
  object space 97280K, 67% used [0x00000000a0000000,0x00000000a4034c48,0x00000000a5f00000)
 Metaspace       used 94872K, capacity 98264K, committed 98380K, reserved 1134592K
  class space    used 12410K, capacity 13152K, committed 13244K, reserved 1048576K
Event: 222.286 GC heap after
Heap after GC invocations=31 (full 3):
 PSYoungGen      total 158720K, used 11934K [0x00000000e0000000, 0x00000000eb180000, 0x0000000100000000)
  eden space 137728K, 0% used [0x00000000e0000000,0x00000000e0000000,0x00000000e8680000)
  from space 20992K, 56% used [0x00000000e9a80000,0x00000000ea627be8,0x00000000eaf00000)
  to   space 20480K, 0% used [0x00000000e8680000,0x00000000e8680000,0x00000000e9a80000)
 ParOldGen       total 97280K, used 65755K [0x00000000a0000000, 0x00000000a5f00000, 0x00000000e0000000)
  object space 97280K, 67% used [0x00000000a0000000,0x00000000a4036c48,0x00000000a5f00000)
 Metaspace       used 94872K, capacity 98264K, committed 98380K, reserved 1134592K
  class space    used 12410K, capacity 13152K, committed 13244K, reserved 1048576K
}
Event: 222.286 GC heap before
{Heap before GC invocations=32 (full 4):
 PSYoungGen      total 158720K, used 11934K [0x00000000e0000000, 0x00000000eb180000, 0x0000000100000000)
  eden space 137728K, 0% used [0x00000000e0000000,0x00000000e0000000,0x00000000e8680000)
  from space 20992K, 56% used [0x00000000e9a80000,0x00000000ea627be8,0x00000000eaf00000)
  to   space 20480K, 0% used [0x00000000e8680000,0x00000000e8680000,0x00000000e9a80000)
 ParOldGen       total 97280K, used 65755K [0x00000000a0000000, 0x00000000a5f00000, 0x00000000e0000000)
  object space 97280K, 67% used [0x00000000a0000000,0x00000000a4036c48,0x00000000a5f00000)
 Metaspace       used 94872K, capacity 98264K, committed 98380K, reserved 1134592K
  class space    used 12410K, capacity 13152K, committed 13244K, reserved 1048576K
Event: 222.473 GC heap after
Heap after GC invocations=32 (full 4):
 PSYoungGen      total 158720K, used 0K [0x00000000e0000000, 0x00000000eb180000, 0x0000000100000000)
  eden space 137728K, 0% used [0x00000000e0000000,0x00000000e0000000,0x00000000e8680000)
  from space 20992K, 0% used [0x00000000e9a80000,0x00000000e9a80000,0x00000000eaf00000)
  to   space 20480K, 0% used [0x00000000e8680000,0x00000000e8680000,0x00000000e9a80000)
 ParOldGen       total 146944K, used 62616K [0x00000000a0000000, 0x00000000a8f80000, 0x00000000e0000000)
  object space 146944K, 42% used [0x00000000a0000000,0x00000000a3d26070,0x00000000a8f80000)
 Metaspace       used 94834K, capacity 98168K, committed 98380K, reserved 1134592K
  class space    used 12398K, capacity 13132K, committed 13244K, reserved 1048576K
}
Event: 227.195 GC heap before
{Heap before GC invocations=33 (full 4):
 PSYoungGen      total 158720K, used 137717K [0x00000000e0000000, 0x00000000eb180000, 0x0000000100000000)
  eden space 137728K, 99% used [0x00000000e0000000,0x00000000e867d580,0x00000000e8680000)
  from space 20992K, 0% used [0x00000000e9a80000,0x00000000e9a80000,0x00000000eaf00000)
  to   space 20480K, 0% used [0x00000000e8680000,0x00000000e8680000,0x00000000e9a80000)
 ParOldGen       total 146944K, used 62616K [0x00000000a0000000, 0x00000000a8f80000, 0x00000000e0000000)
  object space 146944K, 42% used [0x00000000a0000000,0x00000000a3d26070,0x00000000a8f80000)
 Metaspace       used 102243K, capacity 106406K, committed 106516K, reserved 1140736K
  class space    used 13510K, capacity 14391K, committed 14396K, reserved 1048576K
Event: 227.223 GC heap after
Heap after GC invocations=33 (full 4):
 PSYoungGen      total 158208K, used 20465K [0x00000000e0000000, 0x00000000ecd80000, 0x0000000100000000)
  eden space 137728K, 0% used [0x00000000e0000000,0x00000000e0000000,0x00000000e8680000)
  from space 20480K, 99% used [0x00000000e8680000,0x00000000e9a7c6e8,0x00000000e9a80000)
  to   space 24064K, 0% used [0x00000000eb600000,0x00000000eb600000,0x00000000ecd80000)
 ParOldGen       total 146944K, used 65538K [0x00000000a0000000, 0x00000000a8f80000, 0x00000000e0000000)
  object space 146944K, 44% used [0x00000000a0000000,0x00000000a40009b8,0x00000000a8f80000)
 Metaspace       used 102243K, capacity 106406K, committed 106516K, reserved 1140736K
  class space    used 13510K, capacity 14391K, committed 14396K, reserved 1048576K
}
Event: 227.304 GC heap before
{Heap before GC invocations=34 (full 4):
 PSYoungGen      total 158208K, used 27802K [0x00000000e0000000, 0x00000000ecd80000, 0x0000000100000000)
  eden space 137728K, 5% used [0x00000000e0000000,0x00000000e072a2f8,0x00000000e8680000)
  from space 20480K, 99% used [0x00000000e8680000,0x00000000e9a7c6e8,0x00000000e9a80000)
  to   space 24064K, 0% used [0x00000000eb600000,0x00000000eb600000,0x00000000ecd80000)
 ParOldGen       total 146944K, used 65538K [0x00000000a0000000, 0x00000000a8f80000, 0x00000000e0000000)
  object space 146944K, 44% used [0x00000000a0000000,0x00000000a40009b8,0x00000000a8f80000)
 Metaspace       used 102559K, capacity 106746K, committed 107028K, reserved 1142784K
  class space    used 13534K, capacity 14395K, committed 14396K, reserved 1048576K
Event: 227.331 GC heap after
Heap after GC invocations=34 (full 4):
 PSYoungGen      total 161792K, used 19096K [0x00000000e0000000, 0x00000000ecd80000, 0x0000000100000000)
  eden space 137728K, 0% used [0x00000000e0000000,0x00000000e0000000,0x00000000e8680000)
  from space 24064K, 79% used [0x00000000eb600000,0x00000000ec8a61e8,0x00000000ecd80000)
  to   space 20480K, 0% used [0x00000000e8680000,0x00000000e8680000,0x00000000e9a80000)
 ParOldGen       total 146944K, used 65538K [0x00000000a0000000, 0x00000000a8f80000, 0x00000000e0000000)
  object space 146944K, 44% used [0x00000000a0000000,0x00000000a40009b8,0x00000000a8f80000)
 Metaspace       used 102559K, capacity 106746K, committed 107028K, reserved 1142784K
  class space    used 13534K, capacity 14395K, committed 14396K, reserved 1048576K
}
Event: 227.331 GC heap before
{Heap before GC invocations=35 (full 5):
 PSYoungGen      total 161792K, used 19096K [0x00000000e0000000, 0x00000000ecd80000, 0x0000000100000000)
  eden space 137728K, 0% used [0x00000000e0000000,0x00000000e0000000,0x00000000e8680000)
  from space 24064K, 79% used [0x00000000eb600000,0x00000000ec8a61e8,0x00000000ecd80000)
  to   space 20480K, 0% used [0x00000000e8680000,0x00000000e8680000,0x00000000e9a80000)
 ParOldGen       total 146944K, used 65538K [0x00000000a0000000, 0x00000000a8f80000, 0x00000000e0000000)
  object space 146944K, 44% used [0x00000000a0000000,0x00000000a40009b8,0x00000000a8f80000)
 Metaspace       used 102559K, capacity 106746K, committed 107028K, reserved 1142784K
  class space    used 13534K, capacity 14395K, committed 14396K, reserved 1048576K

